{"level":"error","message":"MongoDB connection error: MONGODB_URI is not defined in environment variables","stack":"Error: MONGODB_URI is not defined in environment variables\n    at connectDB (C:\\Users\\lokes\\Desktop\\FinSage\\backend\\config\\db.js:22:13)\n    at startServer (C:\\Users\\lokes\\Desktop\\FinSage\\backend\\server.js:70:11)\n    at Object.<anonymous> (C:\\Users\\lokes\\Desktop\\FinSage\\backend\\server.js:94:1)\n    at Module._compile (node:internal/modules/cjs/loader:1241:14)\n    at Module._extensions..js (node:internal/modules/cjs/loader:1295:10)\n    at Module.load (node:internal/modules/cjs/loader:1091:32)\n    at Module._load (node:internal/modules/cjs/loader:938:12)\n    at Function.executeUserEntryPoint [as runMain] (node:internal/modules/run_main:83:12)\n    at node:internal/main/run_main_module:23:47"}
{"level":"info","message":"Server is running on port 3000"}
{"level":"info","message":"Environment: undefined"}
{"level":"error","message":"MongoDB connection error: MONGODB_URI is not defined in environment variables","stack":"Error: MONGODB_URI is not defined in environment variables\n    at Timeout.connectDB [as _onTimeout] (C:\\Users\\lokes\\Desktop\\FinSage\\backend\\config\\db.js:22:13)\n    at listOnTimeout (node:internal/timers:573:17)\n    at process.processTimers (node:internal/timers:514:7)"}
{"level":"error","message":"MongoDB connection error: MONGODB_URI is not defined in environment variables","stack":"Error: MONGODB_URI is not defined in environment variables\n    at Timeout.connectDB [as _onTimeout] (C:\\Users\\lokes\\Desktop\\FinSage\\backend\\config\\db.js:22:13)\n    at listOnTimeout (node:internal/timers:573:17)\n    at process.processTimers (node:internal/timers:514:7)"}
{"level":"error","message":"MongoDB connection error: MONGODB_URI is not defined in environment variables","stack":"Error: MONGODB_URI is not defined in environment variables\n    at Timeout.connectDB [as _onTimeout] (C:\\Users\\lokes\\Desktop\\FinSage\\backend\\config\\db.js:22:13)\n    at listOnTimeout (node:internal/timers:573:17)\n    at process.processTimers (node:internal/timers:514:7)"}
{"level":"info","message":"Connected to MongoDB"}
{"level":"info","message":"Server is running on port 3000"}
{"level":"info","message":"Environment: development"}
{"level":"info","message":"Connected to MongoDB"}
{"level":"info","message":"Server is running on port 3000"}
{"level":"info","message":"Environment: development"}
{"level":"info","message":"Connected to MongoDB"}
{"level":"info","message":"Server is running on port 3000"}
{"level":"info","message":"Environment: development"}
{"level":"info","message":"Connected to MongoDB"}
{"level":"info","message":"Server is running on port 3000"}
{"level":"info","message":"Environment: development"}
{"level":"info","message":"Connected to MongoDB"}
{"level":"info","message":"Server is running on port 3000"}
{"level":"info","message":"Environment: development"}
{"level":"error","message":"MongoDB connection error: Invalid scheme, expected connection string to start with \"mongodb://\" or \"mongodb+srv://\"","stack":"MongoParseError: Invalid scheme, expected connection string to start with \"mongodb://\" or \"mongodb+srv://\"\n    at new ConnectionString (C:\\Users\\lokes\\Desktop\\TradeWise-AI\\node_modules\\mongodb-connection-string-url\\lib\\index.js:86:19)\n    at parseOptions (C:\\Users\\lokes\\Desktop\\TradeWise-AI\\node_modules\\mongodb\\lib\\connection_string.js:203:17)\n    at new MongoClient (C:\\Users\\lokes\\Desktop\\TradeWise-AI\\node_modules\\mongodb\\lib\\mongo_client.js:52:61)\n    at NativeConnection.createClient (C:\\Users\\lokes\\Desktop\\TradeWise-AI\\node_modules\\mongoose\\lib\\drivers\\node-mongodb-native\\connection.js:343:14)\n    at NativeConnection.openUri (C:\\Users\\lokes\\Desktop\\TradeWise-AI\\node_modules\\mongoose\\lib\\connection.js:1071:34)\n    at Mongoose.connect (C:\\Users\\lokes\\Desktop\\TradeWise-AI\\node_modules\\mongoose\\lib\\mongoose.js:450:15)\n    at connectDB (C:\\Users\\lokes\\Desktop\\TradeWise-AI\\backend\\config\\db.js:33:20)\n    at startServer (C:\\Users\\lokes\\Desktop\\TradeWise-AI\\backend\\server.js:79:11)\n    at Object.<anonymous> (C:\\Users\\lokes\\Desktop\\TradeWise-AI\\backend\\server.js:104:1)\n    at Module._compile (node:internal/modules/cjs/loader:1241:14)"}
{"level":"info","message":"Server is running on port 3000"}
{"level":"info","message":"Environment: development"}
{"level":"info","message":"API Documentation available at http://localhost:3000/api-docs"}
{"level":"error","message":"MongoDB connection error: Invalid scheme, expected connection string to start with \"mongodb://\" or \"mongodb+srv://\"","stack":"MongoParseError: Invalid scheme, expected connection string to start with \"mongodb://\" or \"mongodb+srv://\"\n    at new ConnectionString (C:\\Users\\lokes\\Desktop\\TradeWise-AI\\node_modules\\mongodb-connection-string-url\\lib\\index.js:86:19)\n    at parseOptions (C:\\Users\\lokes\\Desktop\\TradeWise-AI\\node_modules\\mongodb\\lib\\connection_string.js:203:17)\n    at new MongoClient (C:\\Users\\lokes\\Desktop\\TradeWise-AI\\node_modules\\mongodb\\lib\\mongo_client.js:52:61)\n    at NativeConnection.createClient (C:\\Users\\lokes\\Desktop\\TradeWise-AI\\node_modules\\mongoose\\lib\\drivers\\node-mongodb-native\\connection.js:343:14)\n    at NativeConnection.openUri (C:\\Users\\lokes\\Desktop\\TradeWise-AI\\node_modules\\mongoose\\lib\\connection.js:1071:34)\n    at Mongoose.connect (C:\\Users\\lokes\\Desktop\\TradeWise-AI\\node_modules\\mongoose\\lib\\mongoose.js:450:15)\n    at Timeout.connectDB [as _onTimeout] (C:\\Users\\lokes\\Desktop\\TradeWise-AI\\backend\\config\\db.js:33:20)\n    at listOnTimeout (node:internal/timers:573:17)\n    at process.processTimers (node:internal/timers:514:7)"}
{"level":"info","message":"Connected to MongoDB"}
{"level":"info","message":"Server is running on port 3000"}
{"level":"info","message":"Environment: development"}
{"level":"info","message":"API Documentation available at http://localhost:3000/api-docs"}
{"level":"info","message":"Connected to MongoDB"}
{"level":"info","message":"Server is running on port 3000"}
{"level":"info","message":"Environment: development"}
{"level":"info","message":"API Documentation available at http://localhost:3000/api-docs"}
